===>  Checking files for p5-WWW-Twilio-API-0.21
>> Fetch https://www.cpan.org/modules/by-module/../by-authors/id/S/SC/SCOTTW/WWW-Twilio-API-0.21.tar.gz
WWW-Twilio-API-0.21.ta...   0% |                        |     0       --:-- ETAWWW-Twilio-API-0.21.ta... 100% |************************| 13067       00:00    
===>  Checking files for p5-WWW-Twilio-API-0.21
`/usr/ports/distfiles/WWW-Twilio-API-0.21.tar.gz' is up to date.
>> (SHA256) WWW-Twilio-API-0.21.tar.gz: OK
===>  Extracting for p5-WWW-Twilio-API-0.21
===>  Patching for p5-WWW-Twilio-API-0.21
===>  Compiler link: clang -> /usr/bin/clang
===>  Compiler link: clang++ -> /usr/bin/clang++
===>  Compiler link: cc -> /usr/bin/cc
===>  Compiler link: c++ -> /usr/bin/c++
===>  Generating configure for p5-WWW-Twilio-API-0.21
===>  Configuring for p5-WWW-Twilio-API-0.21
Checking if your kit is complete...
Looks good
Generating a Unix-style Makefile
Writing Makefile for WWW::Twilio::API
Writing MYMETA.yml and MYMETA.json
===>  Building for p5-WWW-Twilio-API-0.21
cp examples.pl blib/lib/WWW/Twilio/examples.pl
cp lib/WWW/Twilio/API.pm blib/lib/WWW/Twilio/API.pm
Manifying 1 pod document
===>  Faking installation for p5-WWW-Twilio-API-0.21
Manifying 1 pod document
Installing /usr/obj/ports/p5-WWW-Twilio-API-0.21/fake-amd64/usr/local/libdata/perl5/site_perl/WWW/Twilio/examples.pl
Installing /usr/obj/ports/p5-WWW-Twilio-API-0.21/fake-amd64/usr/local/libdata/perl5/site_perl/WWW/Twilio/API.pm
Installing /usr/obj/ports/p5-WWW-Twilio-API-0.21/fake-amd64/usr/local/man/man3p/WWW::Twilio::API.3p
Appending installation info to /usr/obj/ports/p5-WWW-Twilio-API-0.21/fake-amd64/usr/./libdata/perl5/amd64-openbsd/perllocal.pod
===>  Updating plist for p5-WWW-Twilio-API-0.21
Reading existing plist for p5-WWW-Twilio-API-0.21
Scanning /usr/obj/ports/p5-WWW-Twilio-API-0.21/fake-amd64
Removing .debug artefacts
Figuring out tie points
Tieing loose objects
Copying objects
Looking for unregistered conflicts
/usr/ports/openbsd-wip/devel/p5-WWW-Twilio-API/pkg/PLIST is new
===>  Regression tests for p5-WWW-Twilio-API-0.21
PERL_DL_NONLAZY=1 "/usr/bin/perl" "-MExtUtils::Command::MM" "-MTest::Harness" "-e" "undef *Test::Harness::Switches; test_harness(0, 'blib/lib', 'blib/arch')" t/*.t
t/build_content.t ... ok
t/WWW-Twilio-API.t .. ok
All tests successful.
Files=2, Tests=6,  1 wallclock secs ( 0.09 usr  0.03 sys +  0.38 cusr  0.11 csys =  0.61 CPU)
Result: PASS
===>  Looking for p5-WWW-Twilio-API-0.21.tgz in $PKG_PATH - Error: /dev/sd2e on /usr/local is read-only (/usr/local/libdata/perl5/site_perl/OpenBSD/Quirks.pm)
Error: /dev/sd2e on /usr/local is read-only (/usr/local/libdata/perl5/site_perl/OpenBSD/Quirks/ghc.pm)
Error: /dev/sd2e on /usr/local is read-only (/usr/local/libdata/perl5/site_perl/OpenBSD/Quirks.pm)
Error: ... more files for /dev/sd2e on /usr/local
Can't find p5-WWW-Twilio-API-0.21.tgz
Couldn't find updates for quirks-3.494
Couldn't install p5-WWW-Twilio-API-0.21 quirks-3.456
not found
*** Error 1 in . (/usr/ports/infrastructure/mk/bsd.port.mk:2104 '/usr/ports/packages/amd64/cache/p5-WWW-Twilio-API-0.21.tgz': @if /usr/bin/e...)
`/usr/obj/ports/p5-WWW-Twilio-API-0.21/fake-amd64/.fake_done' is up to date.
===>  Building package for p5-WWW-Twilio-API-0.21
Create /usr/ports/packages/amd64/all/p5-WWW-Twilio-API-0.21.tgz
Creating package p5-WWW-Twilio-API-0.21
reading plist|[K[Kchecking dependencies|[K[Kchecksumming|[K[K[14G                                                             | 0%[K[14G*****                                                        | 8%[K[19G****                                                    | 15%[K[23G*****                                               | 23%[K[28G*****                                          | 31%[K[33G****                                      | 38%[K[37G*****                                 | 46%[K[42G*****                            | 54%[K[47G*****                       | 62%[K[52G****                   | 69%[K[56G*****              | 77%[K[61G*****         | 85%[K[66G****     | 92%[K[70G*****|100%[K[Karchiving|[K[K[11G                                                                | 0%[K[11G******************************                                  | 46%[K[41G*                                 | 49%[K[42G*********************************|100%[K[KLink to /usr/ports/packages/amd64/ftp/p5-WWW-Twilio-API-0.21.tgz
===>  Installing p5-WWW-Twilio-API-0.21 from /usr/ports/packages/amd64/all/
|No change in quirks-3.494[K[K[KError: /dev/sd2e on /usr/local is read-only (/usr/local/libdata/perl5/site_perl/WWW/Twilio/API.pm)
Error: /dev/sd2e on /usr/local is read-only (/usr/local/libdata/perl5/site_perl/WWW/Twilio/examples.pl)
Error: /dev/sd2e on /usr/local is read-only (/usr/local/man/man3p/WWW::Twilio::API.3p)
Couldn't install p5-WWW-Twilio-API-0.21
*** Error 1 in . (/usr/ports/infrastructure/mk/bsd.port.mk:2141 '/var/db/pkg/p5-WWW-Twilio-API-0.21/+CONTENTS': @/usr/bin/env -i PKG_TMPDIR=...)
*** Error 2 in /usr/ports/openbsd-wip/devel/p5-WWW-Twilio-API (/usr/ports/infrastructure/mk/bsd.port.mk:2584 'install': @lock=p5-WWW-Twilio-...)
