
Thread 3 (process 9867):
#0  0x02d1ceb9 in nanosleep () at <stdin>:2
#1  0x066bd52b in nanosleep (rqtp=0x7eb17f5c, rmtp=0x0) at /usr/src/lib/librthread/rthread_cancel.c:274
#2  0x02d0fa2e in usleep (useconds=Variable "useconds" is not available.
) at /usr/src/lib/libc/gen/usleep.c:46
#3  0x043b1016 in green_thread_timer (data=0x83852c80) at port.c:10335
#4  0x04366f40 in mzrt_thread_stub (data=0x7e5b8590)
    at /usr/ports/pobj/racket-5.3.1/racket-5.3.1/src/racket/gc2/../src/mzrt.c:171
#5  0x066ba10e in _rthread_start (v=0x85cd6000) at /usr/src/lib/librthread/rthread.c:122
#6  0x02d16812 in __tfork_thread () at /usr/src/lib/libc/arch/i386/sys/tfork_thread.S:95

Thread 2 (process 20827):
#0  0x02d667d5 in _thread_sys___thrsigdivert () at <stdin>:2
#1  0x066bcc0c in sigwait (set=0x8205cf6c, sig=0x8205cf7c) at /usr/src/lib/librthread/rthread_sig.c:59
#2  0x043af3d9 in mz_proc_thread_signal_worker (data=0x0) at place.c:838
#3  0x04366f40 in mzrt_thread_stub (data=0x7e5b8f30)
    at /usr/ports/pobj/racket-5.3.1/racket-5.3.1/src/racket/gc2/../src/mzrt.c:171
#4  0x066ba10e in _rthread_start (v=0x85cd6400) at /usr/src/lib/librthread/rthread.c:122
#5  0x02d16812 in __tfork_thread () at /usr/src/lib/libc/arch/i386/sys/tfork_thread.S:95

Thread 1 (process 29195):
#0  0x02d2dabd in kill () at <stdin>:2
#1  0x02d99626 in raise (s=6) at /usr/src/lib/libc/gen/raise.c:39
#2  0x02d9954c in abort () at /usr/src/lib/libc/stdlib/abort.c:70
#3  0x04492b6a in fault_handler (sn=Could not find the frame base for "fault_handler".
) at sighand.c:138
#4  0x3c004d20 in ?? ()
#5  0x0000004e in ?? ()
#6  0x89d2a7b0 in ?? ()
#7  0x00000030 in ?? ()
#8  0x00000004 in ?? ()
#9  0x04492b36 in fault_handler (sn=11, si=0xcfbe9e20, ctx=0xcfbe9dcc) at sighand.c:136
#10 <signal handler called>
#11 0x08405256 in sse2_composite_over_n_8_8888 () from /usr/X11R6/lib/libpixman-1.so.28.0
#12 0x083e3c41 in pixman_composite_glyphs_no_mask () from /usr/X11R6/lib/libpixman-1.so.28.0
#13 0x0f689fd8 in composite_glyphs (_dst=0x7ea42600, op=CAIRO_OPERATOR_OVER, _src=0x87bb9200, src_x=0, 
    src_y=0, dst_x=0, dst_y=0, info=0xcfbeabf0) at cairo-image-compositor.c:880
#14 0x0f6d2df8 in composite_glyphs (compositor=0x2f6723a0, dst=0x7ea42600, closure=0xcfbeabf0, 
    op=CAIRO_OPERATOR_OVER, src=0x87bb9200, src_x=0, src_y=0, dst_x=0, dst_y=0, extents=0xcfbeac98, 
    clip=0x7cb079c0) at cairo-traps-compositor.c:2256
#15 0x0f6d476a in clip_and_composite (compositor=0x2f6723a0, extents=0xcfbeac60, 
    draw_func=0xf6d2db0 <composite_glyphs>, mask_func=0, draw_closure=0xcfbeabf0, need_clip=Variable "need_clip" is not available.
) at cairo-traps-compositor.c:1038
#16 0x0f6d4a33 in _cairo_traps_compositor_glyphs (_compositor=0x2f6723a0, extents=0xcfbeac60, 
    scaled_font=0x7ea42400, glyphs=0xcfbeb870, num_glyphs=1, overlap=0) at cairo-traps-compositor.c:2299
#17 0x0f67bea2 in _cairo_compositor_glyphs (compositor=0x2f6723a0, surface=0x7ea42600, 
    op=CAIRO_OPERATOR_OVER, source=0xcfbec068, glyphs=0xcfbeb870, num_glyphs=1, scaled_font=0x7ea42400, 
    clip=0x0) at cairo-compositor.c:250
#18 0x0f68e365 in _cairo_image_surface_glyphs (abstract_surface=0x7ea42600, op=CAIRO_OPERATOR_OVER, 
    source=0xcfbec068, glyphs=0xcfbeb870, num_glyphs=1, scaled_font=0x7ea42400, clip=0x0)
    at cairo-image-surface.c:996
#19 0x0f6c3612 in _cairo_surface_show_text_glyphs (surface=0x7ea42600, op=CAIRO_OPERATOR_OVER, 
    source=0xcfbec068, utf8=0x0, utf8_len=0, glyphs=0xcfbeb870, num_glyphs=1, clusters=0x0, 
    num_clusters=0, cluster_flags=0, scaled_font=0x7ea42400, clip=0x0) at cairo-surface.c:2487
#20 0x0f68495a in _cairo_gstate_show_text_glyphs (gstate=0x7f218170, glyphs=0xcfbec424, num_glyphs=1, 
    info=0x0) at cairo-gstate.c:2008
#21 0x0f67570e in cairo_show_glyphs (cr=0x7f218000, glyphs=0xcfbec424, num_glyphs=1) at cairo.c:3315
#22 0x0c752209 in pango_cairo_renderer_show_text_glyphs (renderer=0x7ea45c20, text=0x0, text_len=0, 
    glyphs=0x85cd6950, clusters=0x0, num_clusters=0, backward=0, font=0x7dd62158, x=0, y=0)
    at pangocairo-render.c:367
#23 0x0c752605 in pango_cairo_renderer_draw_glyphs (renderer=0x7ea45c20, font=0x7dd62158, 
    glyphs=0x85cd6950, x=0, y=0) at pangocairo-render.c:383
#24 0x0104f04a in pango_renderer_draw_glyphs (renderer=0x7ea45c20, font=0x7dd62158, glyphs=0x85cd6950, 
    x=0, y=0) at pango-renderer.c:641
#25 0x0104f15d in pango_renderer_draw_glyph_item (renderer=0x7ea45c20, text=0x8ba8c3a0 "H", 
    glyph_item=0x82480548, x=0, y=0) at pango-renderer.c:705
#26 0x0104f80a in pango_renderer_draw_layout_line (renderer=0x7ea45c20, line=0x7e22ea58, x=0, y=0)
    at pango-renderer.c:570
#27 0x0c750e18 in _pango_cairo_do_layout_line (cr=0x7f218000, line=0x7e22ea58, do_path=0)
    at pangocairo-render.c:858
#28 0x08b64d73 in ffi_call_SYSV () at src/x86/freebsd.S:62
#29 0x08b64b7a in ffi_call (cif=0x7eabeb60, fn=0xc750ea0 <pango_cairo_show_layout_line>, 
    rvalue=0xcfbed01c, avalue=0xcfbecf78) at src/x86/ffi.c:326
#30 0x0447eb44 in finish_ffi_call (cif=0x7eabeb60, c_func=0xc750ea0, cfoff=0, nargs=2, ivals=0xcfbeceb4, 
    avalues=0xcfbecf78, offsets=0xcfbecfb8, p=0xcfbed01c) at xsrc/foreign.c:5256
#31 0x04486bb4 in ffi_do_call (data=0x8e459f88, argc=2, argv=0x8ae2dd78) at xsrc/foreign.c:5339
#32 0x0428dbfa in scheme_do_eval (obj=0x8e459f68, num_rands=Variable "num_rands" is not available.
) at eval.c:2993
#33 0x8e459f88 in ?? ()
#34 0x00000002 in ?? ()
#35 0x8ae2dd78 in ?? ()
#36 0x066b937a in _spinlock (lock=0x30b85) at /usr/src/lib/librthread/rthread.c:82
Previous frame inner to this frame (corrupt stack?)
